c:\users\me\source\repos\followeme\followeme\debug\followeme.pch
c:\users\me\source\repos\followeme\followeme\debug\vc141.pdb
c:\users\me\source\repos\followeme\followeme\debug\vc141.idb
c:\users\me\source\repos\followeme\followeme\debug\pch.obj
c:\users\me\source\repos\followeme\followeme\debug\followeme.obj
c:\users\me\source\repos\followeme\followeme\debug\followactionfunctor.obj
c:\users\me\source\repos\followeme\followeme\debug\engine.obj
c:\users\me\source\repos\followeme\followeme\debug\clip.obj
c:\users\me\source\repos\followeme\followeme\debug\actionfunctorprevious.obj
c:\users\me\source\repos\followeme\followeme\debug\actionfunctorother.obj
c:\users\me\source\repos\followeme\followeme\debug\actionfunctornone.obj
c:\users\me\source\repos\followeme\followeme\debug\actionfunctornext.obj
c:\users\me\source\repos\followeme\followeme\debug\actionfunctorfactory.obj
c:\users\me\source\repos\followeme\followeme\debug\actionfunctorany.obj
c:\users\me\source\repos\followeme\debug\followeme.pdb
c:\users\me\source\repos\followeme\followeme\debug\followeme.tlog\cl.command.1.tlog
c:\users\me\source\repos\followeme\followeme\debug\followeme.tlog\cl.read.1.tlog
c:\users\me\source\repos\followeme\followeme\debug\followeme.tlog\cl.write.1.tlog
c:\users\me\source\repos\followeme\followeme\debug\followeme.tlog\link-cvtres.read.1.tlog
c:\users\me\source\repos\followeme\followeme\debug\followeme.tlog\link-cvtres.write.1.tlog
c:\users\me\source\repos\followeme\followeme\debug\followeme.tlog\link-rc.read.1.tlog
c:\users\me\source\repos\followeme\followeme\debug\followeme.tlog\link-rc.write.1.tlog
c:\users\me\source\repos\followeme\followeme\debug\followeme.tlog\link.command.1.tlog
c:\users\me\source\repos\followeme\followeme\debug\followeme.tlog\link.read.1.tlog
c:\users\me\source\repos\followeme\followeme\debug\followeme.tlog\link.write.1.tlog
